#このファイルは削除しないで下さい。

#HISTORY "danpenkun.ini" 断片くん

--2009/07/24

● ログ管理開始
























































・オプションで断片ファイルのファイル名を与える ワイルドカード可能に

・断片ファイル中で、断片の定義と呼び出しを可能にする

・1回しか展開されないものと、呼び出されるたびに展開されるものを指定できるようにする

・特定の言語に依存しないようにする

・展開済のファイルに対して再度展開処理を行うと、同じ結果が得られるようにする

・断片ファイルの構造
　・定義構文の定義
　・呼び出し構文の定義
　・終了構文の定義

・オプションで指定可能にするもの
　・断片ファイルの位置
　・ソースファイルのエンコーディング(省略するとlocale)
　・バックアップとるかどうか
　・展開結果を削除するオプション





・頭10行以内に "[ \t]+danpenlib[ \t]*:" があればライブラリとみなす それ以前の行は無視
・バックアップを残すオプション
・現状と再取り込み結果を比較するオプション (外部diff起動)
・編集用に断片の中身を取り除いて出力するオプション
・出荷用に断片取込ディレクティブを取り除いて埋め込むオプション
・文字セット変換
・改行コード変換
・マクロ置換?
・条件付展開?




--
danpenfile v1
encoding UTF-8
def_bgn //======== (...)
def_end //========
exp_bgn //-------- (...)
exp_end //--------

//======== danpen_1

//-------- danpen_2
//--------

//======== danpen_2

//========
